{"level":"info","message":"Arquivos enviados para matriz, dia 14/1/123 às 17:43"}
{"level":"info","message":"Arquivos enviados para matriz, dia 14/1/123 às 17:43"}
{"level":"info","message":"Arquivos enviados para matriz, dia 14/2/2023 às 17:44"}
{"level":"info","message":"Arquivos enviados para matriz, dia 14/2/2023 às 17:44"}
{"level":"info","message":"Arquivos enviados para matriz, dia 14/2/2023 às 17:45"}
{"level":"info","message":"Arquivos enviados para matriz, dia 14/2/2023 às 17:45"}
{"level":"info","message":"Arquivos enviados para matriz, dia 14/2/2023 às 17:46"}
{"level":"info","message":"Arquivos enviados para tb, dia 14/2/2023 às 17:47"}
{"level":"info","message":"Arquivos enviados para matriz, dia 14/2/2023 às 17:47"}
{"level":"info","message":"Arquivos enviados para matriz, dia 14/2/2023 às 17:47"}
{"level":"info","message":"Arquivos enviados para tb, dia 14/2/2023 às 17:47"}
{"level":"info","message":"Arquivos enviados para matriz, dia 14/2/2023 às 17:48"}
{"level":"info","message":"Arquivos enviados para tb, dia 14/2/2023 às 17:48"}
{"level":"info","message":"Arquivos enviados para matriz, dia 14/2/2023 às 17:49"}
{"level":"info","message":"Arquivos enviados para tb, dia 14/2/2023 às 17:49"}
{"level":"info","message":"Arquivos enviados para matriz, dia 14/2/2023 às 17:49"}
{"level":"info","message":"Arquivos enviados para matriz, dia 14/2/2023 às 17:50"}
{"level":"info","message":"Arquivos enviados para tb, dia 14/2/2023 às 17:50"}
{"level":"info","message":"Arquivos enviados para matriz, dia 14/2/2023 às 17:51"}
{"level":"info","message":"Arquivos enviados para tb, dia 14/2/2023 às 17:51"}
{"level":"info","message":"Arquivos enviados para matriz, dia 14/2/2023 às 17:51"}
{"level":"info","message":"Arquivos enviados para tb, dia 14/2/2023 às 17:52"}
{"level":"info","message":"Arquivos enviados para matriz, dia 14/2/2023 às 17:52"}
{"level":"info","message":"Arquivos enviados para tb, dia 14/2/2023 às 17:53"}
{"level":"info","message":"Arquivos enviados para matriz, dia 14/2/2023 às 17:53"}
{"level":"info","message":"Arquivos enviados para matriz, dia 14/2/2023 às 17:54"}
{"level":"info","message":"Arquivos enviados para tb, dia 14/2/2023 às 17:54"}
{"level":"info","message":"Arquivos enviados para matriz, dia 14/2/2023 às 17:54"}
{"level":"info","message":"Arquivos enviados para tb, dia 14/2/2023 às 17:55"}
{"level":"info","message":"Arquivos enviados para tb, dia 14/2/2023 às 17:56"}
{"level":"info","message":"Arquivos enviados para matriz, dia 14/2/2023 às 17:56"}
{"level":"info","message":"Arquivos enviados para tb, dia 14/2/2023 às 17:56"}
{"level":"info","message":"Arquivos enviados para matriz, dia 14/2/2023 às 17:57"}
{"level":"info","message":"Arquivos enviados para tb, dia 14/2/2023 às 17:57"}
{"level":"info","message":"Arquivos enviados para matriz, dia 14/2/2023 às 17:58"}
{"level":"info","message":"Arquivos enviados para tb, dia 14/2/2023 às 17:58"}
{"level":"info","message":"Arquivos enviados para matriz, dia 14/2/2023 às 17:59"}
{"level":"info","message":"Arquivos enviados para tb, dia 14/2/2023 às 17:59"}
{"level":"info","message":"Arquivos enviados para matriz, dia 14/2/2023 às 18:0"}
{"level":"info","message":"Arquivos enviados para tb, dia 14/2/2023 às 18:0"}
{"level":"info","message":"Arquivos enviados para matriz, dia 14/2/2023 às 18:1"}
{"level":"info","message":"Arquivos enviados para tb, dia 14/2/2023 às 18:1"}
{"level":"info","message":"Arquivos enviados para tb, dia 14/2/2023 às 18:2"}
{"level":"info","message":"Arquivos enviados para matriz, dia 14/2/2023 às 18:2"}
{"level":"info","message":"Arquivos enviados para tb, dia 14/2/2023 às 18:3"}
{"level":"info","message":"Arquivos enviados para matriz, dia 14/2/2023 às 18:3"}
{"level":"info","message":"Arquivos enviados para tb, dia 14/2/2023 às 18:4"}
{"level":"info","message":"Arquivos enviados para matriz, dia 14/2/2023 às 18:4"}
{"level":"info","message":"Arquivos enviados para tb, dia 14/2/2023 às 18:5"}
{"level":"info","message":"Arquivos enviados para matriz, dia 14/2/2023 às 18:5"}
{"level":"info","message":"Arquivos enviados para tb, dia 14/2/2023 às 18:5"}
{"level":"info","message":"Arquivos enviados para matriz, dia 14/2/2023 às 18:6"}
{"level":"info","message":"Arquivos enviados para tb, dia 14/2/2023 às 18:6"}
{"level":"info","message":"Arquivos enviados para matriz, dia 14/2/2023 às 18:7"}
{"level":"info","message":"Arquivos enviados para tb, dia 14/2/2023 às 18:7"}
{"level":"info","message":"Arquivos enviados para matriz, dia 14/2/2023 às 18:7"}
{"level":"info","message":"Arquivos enviados para matriz, dia 14/2/2023 às 18:8"}
{"level":"info","message":"Arquivos enviados para tb, dia 14/2/2023 às 18:8"}
{"level":"info","message":"Arquivos enviados para undefined, dia 14/2/2023 às 18:9"}
{"level":"info","message":"Arquivos enviados para matriz, dia 14/2/2023 às 18:9"}
{"level":"info","message":"Arquivos enviados para matriz, dia 14/2/2023 às 18:9"}
{"level":"error","message":"file.getFiles is not a function","stack":"TypeError: file.getFiles is not a function\n    at C:\\Users\\murilo\\Documents\\dev\\tv_corporativa\\index.js:58:28\n    at Layer.handle [as handle_request] (C:\\Users\\murilo\\Documents\\dev\\tv_corporativa\\node_modules\\express\\lib\\router\\layer.js:95:5)\n    at next (C:\\Users\\murilo\\Documents\\dev\\tv_corporativa\\node_modules\\express\\lib\\router\\route.js:144:13)\n    at Route.dispatch (C:\\Users\\murilo\\Documents\\dev\\tv_corporativa\\node_modules\\express\\lib\\router\\route.js:114:3)\n    at Layer.handle [as handle_request] (C:\\Users\\murilo\\Documents\\dev\\tv_corporativa\\node_modules\\express\\lib\\router\\layer.js:95:5)\n    at C:\\Users\\murilo\\Documents\\dev\\tv_corporativa\\node_modules\\express\\lib\\router\\index.js:284:15\n    at Function.process_params (C:\\Users\\murilo\\Documents\\dev\\tv_corporativa\\node_modules\\express\\lib\\router\\index.js:346:12)\n    at next (C:\\Users\\murilo\\Documents\\dev\\tv_corporativa\\node_modules\\express\\lib\\router\\index.js:280:10)\n    at urlencodedParser (C:\\Users\\murilo\\Documents\\dev\\tv_corporativa\\node_modules\\body-parser\\lib\\types\\urlencoded.js:91:7)\n    at Layer.handle [as handle_request] (C:\\Users\\murilo\\Documents\\dev\\tv_corporativa\\node_modules\\express\\lib\\router\\layer.js:95:5)"}
{"level":"error","message":"file.getFiles is not a function","stack":"TypeError: file.getFiles is not a function\n    at C:\\Users\\murilo\\Documents\\dev\\tv_corporativa\\index.js:58:28\n    at Layer.handle [as handle_request] (C:\\Users\\murilo\\Documents\\dev\\tv_corporativa\\node_modules\\express\\lib\\router\\layer.js:95:5)\n    at next (C:\\Users\\murilo\\Documents\\dev\\tv_corporativa\\node_modules\\express\\lib\\router\\route.js:144:13)\n    at Route.dispatch (C:\\Users\\murilo\\Documents\\dev\\tv_corporativa\\node_modules\\express\\lib\\router\\route.js:114:3)\n    at Layer.handle [as handle_request] (C:\\Users\\murilo\\Documents\\dev\\tv_corporativa\\node_modules\\express\\lib\\router\\layer.js:95:5)\n    at C:\\Users\\murilo\\Documents\\dev\\tv_corporativa\\node_modules\\express\\lib\\router\\index.js:284:15\n    at Function.process_params (C:\\Users\\murilo\\Documents\\dev\\tv_corporativa\\node_modules\\express\\lib\\router\\index.js:346:12)\n    at next (C:\\Users\\murilo\\Documents\\dev\\tv_corporativa\\node_modules\\express\\lib\\router\\index.js:280:10)\n    at urlencodedParser (C:\\Users\\murilo\\Documents\\dev\\tv_corporativa\\node_modules\\body-parser\\lib\\types\\urlencoded.js:91:7)\n    at Layer.handle [as handle_request] (C:\\Users\\murilo\\Documents\\dev\\tv_corporativa\\node_modules\\express\\lib\\router\\layer.js:95:5)"}
{"level":"error","message":"file.getFiles is not a function","stack":"TypeError: file.getFiles is not a function\n    at C:\\Users\\murilo\\Documents\\dev\\tv_corporativa\\index.js:58:28\n    at Layer.handle [as handle_request] (C:\\Users\\murilo\\Documents\\dev\\tv_corporativa\\node_modules\\express\\lib\\router\\layer.js:95:5)\n    at next (C:\\Users\\murilo\\Documents\\dev\\tv_corporativa\\node_modules\\express\\lib\\router\\route.js:144:13)\n    at Route.dispatch (C:\\Users\\murilo\\Documents\\dev\\tv_corporativa\\node_modules\\express\\lib\\router\\route.js:114:3)\n    at Layer.handle [as handle_request] (C:\\Users\\murilo\\Documents\\dev\\tv_corporativa\\node_modules\\express\\lib\\router\\layer.js:95:5)\n    at C:\\Users\\murilo\\Documents\\dev\\tv_corporativa\\node_modules\\express\\lib\\router\\index.js:284:15\n    at Function.process_params (C:\\Users\\murilo\\Documents\\dev\\tv_corporativa\\node_modules\\express\\lib\\router\\index.js:346:12)\n    at next (C:\\Users\\murilo\\Documents\\dev\\tv_corporativa\\node_modules\\express\\lib\\router\\index.js:280:10)\n    at urlencodedParser (C:\\Users\\murilo\\Documents\\dev\\tv_corporativa\\node_modules\\body-parser\\lib\\types\\urlencoded.js:91:7)\n    at Layer.handle [as handle_request] (C:\\Users\\murilo\\Documents\\dev\\tv_corporativa\\node_modules\\express\\lib\\router\\layer.js:95:5)"}
{"level":"error","message":"file.getFiles is not a function","stack":"TypeError: file.getFiles is not a function\n    at C:\\Users\\murilo\\Documents\\dev\\tv_corporativa\\index.js:59:28\n    at Layer.handle [as handle_request] (C:\\Users\\murilo\\Documents\\dev\\tv_corporativa\\node_modules\\express\\lib\\router\\layer.js:95:5)\n    at next (C:\\Users\\murilo\\Documents\\dev\\tv_corporativa\\node_modules\\express\\lib\\router\\route.js:144:13)\n    at Route.dispatch (C:\\Users\\murilo\\Documents\\dev\\tv_corporativa\\node_modules\\express\\lib\\router\\route.js:114:3)\n    at Layer.handle [as handle_request] (C:\\Users\\murilo\\Documents\\dev\\tv_corporativa\\node_modules\\express\\lib\\router\\layer.js:95:5)\n    at C:\\Users\\murilo\\Documents\\dev\\tv_corporativa\\node_modules\\express\\lib\\router\\index.js:284:15\n    at Function.process_params (C:\\Users\\murilo\\Documents\\dev\\tv_corporativa\\node_modules\\express\\lib\\router\\index.js:346:12)\n    at next (C:\\Users\\murilo\\Documents\\dev\\tv_corporativa\\node_modules\\express\\lib\\router\\index.js:280:10)\n    at urlencodedParser (C:\\Users\\murilo\\Documents\\dev\\tv_corporativa\\node_modules\\body-parser\\lib\\types\\urlencoded.js:91:7)\n    at Layer.handle [as handle_request] (C:\\Users\\murilo\\Documents\\dev\\tv_corporativa\\node_modules\\express\\lib\\router\\layer.js:95:5)"}
{"level":"info","message":"Arquivos enviados para undefined, dia 14/2/2023 às 20:23"}
{"level":"info","message":"Arquivos enviados para undefined, dia 14/2/2023 às 20:23"}
{"level":"info","message":"Arquivos enviados para undefined, dia 14/2/2023 às 20:23"}
{"level":"info","message":"Arquivos enviados para undefined, dia 14/2/2023 às 20:23"}
{"level":"info","message":"Arquivos enviados para undefined, dia 14/2/2023 às 20:23"}
{"level":"info","message":"Arquivos enviados para undefined, dia 14/2/2023 às 20:23"}
{"level":"info","message":"Arquivos enviados para undefined, dia 14/2/2023 às 20:23"}
{"level":"info","message":"Arquivos enviados para undefined, dia 14/2/2023 às 20:23"}
{"level":"info","message":"Arquivos enviados para undefined, dia 14/2/2023 às 20:23"}
{"level":"info","message":"Arquivos enviados para undefined, dia 14/2/2023 às 20:23"}
{"level":"info","message":"Arquivos enviados para undefined, dia 14/2/2023 às 20:23"}
{"level":"info","message":"Arquivos enviados para undefined, dia 14/2/2023 às 20:23"}
{"level":"info","message":"Arquivos enviados para undefined, dia 14/2/2023 às 20:23"}
{"level":"info","message":"Arquivos enviados para undefined, dia 14/2/2023 às 20:23"}
{"level":"info","message":"Arquivos enviados para undefined, dia 14/2/2023 às 20:23"}
{"level":"info","message":"Arquivos enviados para undefined, dia 14/2/2023 às 20:23"}
{"level":"info","message":"Arquivos enviados para undefined, dia 14/2/2023 às 20:23"}
{"level":"info","message":"Arquivos enviados para undefined, dia 14/2/2023 às 20:23"}
{"level":"info","message":"Arquivos enviados para undefined, dia 14/2/2023 às 20:23"}
{"level":"info","message":"Arquivos enviados para undefined, dia 14/2/2023 às 20:23"}
{"level":"info","message":"Arquivos enviados para undefined, dia 14/2/2023 às 20:23"}
{"level":"info","message":"Arquivos enviados para undefined, dia 14/2/2023 às 20:23"}
{"level":"info","message":"Arquivos enviados para undefined, dia 14/2/2023 às 20:23"}
{"level":"info","message":"Arquivos enviados para undefined, dia 14/2/2023 às 20:23"}
{"level":"info","message":"Arquivos enviados para undefined, dia 14/2/2023 às 20:23"}
{"level":"info","message":"Arquivos enviados para undefined, dia 14/2/2023 às 20:23"}
{"level":"info","message":"Arquivos enviados para undefined, dia 14/2/2023 às 20:23"}
{"level":"info","message":"Arquivos enviados para undefined, dia 14/2/2023 às 20:23"}
{"level":"info","message":"Arquivos enviados para undefined, dia 14/2/2023 às 20:23"}
{"level":"info","message":"Arquivos enviados para undefined, dia 14/2/2023 às 20:23"}
{"level":"info","message":"Arquivos enviados para undefined, dia 14/2/2023 às 20:23"}
{"level":"info","message":"Arquivos enviados para undefined, dia 14/2/2023 às 20:23"}
{"level":"info","message":"Arquivos enviados para undefined, dia 14/2/2023 às 20:23"}
{"level":"info","message":"Arquivos enviados para undefined, dia 14/2/2023 às 20:23"}
{"level":"info","message":"Arquivos enviados para undefined, dia 14/2/2023 às 20:23"}
{"level":"info","message":"Arquivos enviados para undefined, dia 14/2/2023 às 20:23"}
{"level":"info","message":"Arquivos enviados para undefined, dia 14/2/2023 às 20:23"}
{"level":"info","message":"Arquivos enviados para undefined, dia 14/2/2023 às 20:23"}
{"level":"info","message":"Arquivos enviados para undefined, dia 14/2/2023 às 20:23"}
{"level":"info","message":"Arquivos enviados para undefined, dia 14/2/2023 às 20:23"}
{"level":"info","message":"Arquivos enviados para undefined, dia 14/2/2023 às 20:23"}
{"level":"info","message":"Arquivos enviados para undefined, dia 14/2/2023 às 20:23"}
{"level":"info","message":"Arquivos enviados para undefined, dia 14/2/2023 às 20:23"}
{"level":"info","message":"Arquivos enviados para undefined, dia 14/2/2023 às 20:23"}
{"level":"info","message":"Arquivos enviados para undefined, dia 14/2/2023 às 20:23"}
{"level":"info","message":"Arquivos enviados para undefined, dia 14/2/2023 às 20:23"}
{"level":"info","message":"Arquivos enviados para undefined, dia 14/2/2023 às 20:23"}
{"level":"info","message":"Arquivos enviados para undefined, dia 14/2/2023 às 20:23"}
{"level":"info","message":"Arquivos enviados para undefined, dia 14/2/2023 às 20:23"}
{"level":"info","message":"Arquivos enviados para undefined, dia 14/2/2023 às 20:23"}
{"level":"info","message":"Arquivos enviados para undefined, dia 14/2/2023 às 20:23"}
{"level":"info","message":"Arquivos enviados para undefined, dia 14/2/2023 às 20:23"}
{"level":"info","message":"Arquivos enviados para undefined, dia 14/2/2023 às 20:23"}
{"level":"info","message":"Arquivos enviados para undefined, dia 14/2/2023 às 20:23"}
{"level":"info","message":"Arquivos enviados para undefined, dia 14/2/2023 às 20:23"}
{"level":"info","message":"Arquivos enviados para undefined, dia 14/2/2023 às 20:23"}
{"level":"info","message":"Arquivos enviados para undefined, dia 14/2/2023 às 20:23"}
{"level":"info","message":"Arquivos enviados para undefined, dia 14/2/2023 às 20:23"}
{"level":"info","message":"Arquivos enviados para undefined, dia 14/2/2023 às 20:23"}
{"level":"info","message":"Arquivos enviados para undefined, dia 14/2/2023 às 20:23"}
{"level":"info","message":"Arquivos enviados para undefined, dia 14/2/2023 às 20:23"}
{"level":"info","message":"Arquivos enviados para undefined, dia 14/2/2023 às 20:23"}
{"level":"info","message":"Arquivos enviados para undefined, dia 14/2/2023 às 20:23"}
{"level":"info","message":"Arquivos enviados para undefined, dia 14/2/2023 às 20:23"}
{"level":"info","message":"Arquivos enviados para undefined, dia 14/2/2023 às 20:23"}
{"level":"info","message":"Arquivos enviados para undefined, dia 14/2/2023 às 20:23"}
{"level":"info","message":"Arquivos enviados para undefined, dia 14/2/2023 às 20:23"}
{"level":"info","message":"Arquivos enviados para undefined, dia 14/2/2023 às 20:23"}
{"level":"info","message":"Arquivos enviados para undefined, dia 14/2/2023 às 20:23"}
{"level":"info","message":"Arquivos enviados para undefined, dia 14/2/2023 às 20:23"}
{"level":"info","message":"Arquivos enviados para undefined, dia 14/2/2023 às 20:23"}
{"level":"info","message":"Arquivos enviados para undefined, dia 14/2/2023 às 20:23"}
{"level":"info","message":"Arquivos enviados para undefined, dia 14/2/2023 às 20:23"}
{"level":"info","message":"Arquivos enviados para undefined, dia 14/2/2023 às 20:23"}
{"level":"info","message":"Arquivos enviados para undefined, dia 14/2/2023 às 20:23"}
{"level":"info","message":"Arquivos enviados para undefined, dia 14/2/2023 às 20:23"}
{"level":"info","message":"Arquivos enviados para undefined, dia 14/2/2023 às 20:23"}
{"level":"info","message":"Arquivos enviados para undefined, dia 14/2/2023 às 20:23"}
{"level":"info","message":"Arquivos enviados para undefined, dia 14/2/2023 às 20:23"}
{"level":"info","message":"Arquivos enviados para undefined, dia 14/2/2023 às 20:23"}
{"level":"info","message":"Arquivos enviados para undefined, dia 14/2/2023 às 20:23"}
{"level":"info","message":"Arquivos enviados para undefined, dia 14/2/2023 às 20:23"}
{"level":"info","message":"Arquivos enviados para undefined, dia 14/2/2023 às 20:23"}
{"level":"info","message":"Arquivos enviados para undefined, dia 14/2/2023 às 20:23"}
{"level":"info","message":"Arquivos enviados para undefined, dia 14/2/2023 às 20:23"}
{"level":"info","message":"Arquivos enviados para undefined, dia 14/2/2023 às 20:23"}
{"level":"info","message":"Arquivos enviados para undefined, dia 14/2/2023 às 20:23"}
{"level":"info","message":"Arquivos enviados para undefined, dia 14/2/2023 às 20:23"}
{"level":"info","message":"Arquivos enviados para undefined, dia 14/2/2023 às 20:23"}
{"level":"info","message":"Arquivos enviados para undefined, dia 14/2/2023 às 20:23"}
{"level":"info","message":"Arquivos enviados para undefined, dia 14/2/2023 às 20:23"}
{"level":"info","message":"Arquivos enviados para undefined, dia 14/2/2023 às 20:23"}
{"level":"info","message":"Arquivos enviados para undefined, dia 14/2/2023 às 20:23"}
{"level":"info","message":"Arquivos enviados para undefined, dia 14/2/2023 às 20:23"}
{"level":"info","message":"Arquivos enviados para undefined, dia 14/2/2023 às 20:23"}
{"level":"info","message":"Arquivos enviados para undefined, dia 14/2/2023 às 20:23"}
{"level":"info","message":"Arquivos enviados para undefined, dia 14/2/2023 às 20:23"}
{"level":"info","message":"Arquivos enviados para undefined, dia 14/2/2023 às 20:23"}
{"level":"info","message":"Arquivos enviados para undefined, dia 14/2/2023 às 20:23"}
{"level":"info","message":"Arquivos enviados para undefined, dia 14/2/2023 às 20:23"}
{"level":"info","message":"Arquivos enviados para undefined, dia 14/2/2023 às 20:23"}
{"level":"info","message":"Arquivos enviados para undefined, dia 14/2/2023 às 20:23"}
{"level":"info","message":"Arquivos enviados para undefined, dia 14/2/2023 às 20:23"}
{"level":"info","message":"Arquivos enviados para undefined, dia 14/2/2023 às 20:23"}
{"level":"info","message":"Arquivos enviados para undefined, dia 14/2/2023 às 20:23"}
{"level":"info","message":"Arquivos enviados para undefined, dia 14/2/2023 às 20:23"}
{"level":"info","message":"Arquivos enviados para undefined, dia 14/2/2023 às 20:23"}
{"level":"info","message":"Arquivos enviados para undefined, dia 14/2/2023 às 20:23"}
{"level":"info","message":"Arquivos enviados para undefined, dia 14/2/2023 às 20:23"}
{"level":"info","message":"Arquivos enviados para undefined, dia 14/2/2023 às 20:23"}
{"level":"info","message":"Arquivos enviados para undefined, dia 14/2/2023 às 20:23"}
{"level":"info","message":"Arquivos enviados para undefined, dia 14/2/2023 às 20:23"}
{"level":"info","message":"Arquivos enviados para undefined, dia 14/2/2023 às 20:23"}
{"level":"info","message":"Arquivos enviados para undefined, dia 14/2/2023 às 20:23"}
{"level":"info","message":"Arquivos enviados para undefined, dia 14/2/2023 às 20:23"}
{"level":"info","message":"Arquivos enviados para undefined, dia 14/2/2023 às 20:23"}
{"level":"info","message":"Arquivos enviados para undefined, dia 14/2/2023 às 20:23"}
{"level":"info","message":"Arquivos enviados para undefined, dia 14/2/2023 às 20:23"}
{"level":"info","message":"Arquivos enviados para undefined, dia 14/2/2023 às 20:23"}
{"level":"info","message":"Arquivos enviados para undefined, dia 14/2/2023 às 20:23"}
{"level":"info","message":"Arquivos enviados para undefined, dia 14/2/2023 às 20:23"}
{"level":"info","message":"Arquivos enviados para undefined, dia 14/2/2023 às 20:23"}
{"level":"info","message":"Arquivos enviados para undefined, dia 14/2/2023 às 20:23"}
{"level":"info","message":"Arquivos enviados para undefined, dia 14/2/2023 às 20:23"}
{"level":"info","message":"Arquivos enviados para undefined, dia 14/2/2023 às 20:23"}
{"level":"info","message":"Arquivos enviados para undefined, dia 14/2/2023 às 20:23"}
{"level":"info","message":"Arquivos enviados para undefined, dia 14/2/2023 às 20:23"}
{"level":"info","message":"Arquivos enviados para undefined, dia 14/2/2023 às 20:23"}
{"level":"info","message":"Arquivos enviados para undefined, dia 14/2/2023 às 20:23"}
{"level":"info","message":"Arquivos enviados para undefined, dia 14/2/2023 às 20:23"}
{"level":"info","message":"Arquivos enviados para undefined, dia 14/2/2023 às 20:23"}
{"level":"info","message":"Arquivos enviados para undefined, dia 14/2/2023 às 20:23"}
{"level":"info","message":"Arquivos enviados para undefined, dia 14/2/2023 às 20:23"}
{"level":"info","message":"Arquivos enviados para undefined, dia 14/2/2023 às 20:23"}
{"level":"info","message":"Arquivos enviados para undefined, dia 14/2/2023 às 20:23"}
{"level":"info","message":"Arquivos enviados para undefined, dia 14/2/2023 às 20:23"}
{"level":"info","message":"Arquivos enviados para undefined, dia 14/2/2023 às 20:23"}
{"level":"info","message":"Arquivos enviados para undefined, dia 14/2/2023 às 20:23"}
{"level":"info","message":"Arquivos enviados para undefined, dia 14/2/2023 às 20:23"}
{"level":"info","message":"Arquivos enviados para undefined, dia 14/2/2023 às 20:23"}
{"level":"info","message":"Arquivos enviados para undefined, dia 14/2/2023 às 20:23"}
{"level":"info","message":"Arquivos enviados para undefined, dia 14/2/2023 às 20:23"}
{"level":"info","message":"Arquivos enviados para undefined, dia 14/2/2023 às 20:23"}
{"level":"info","message":"Arquivos enviados para undefined, dia 14/2/2023 às 20:23"}
{"level":"info","message":"Arquivos enviados para undefined, dia 14/2/2023 às 20:23"}
{"level":"info","message":"Arquivos enviados para undefined, dia 14/2/2023 às 20:23"}
{"level":"info","message":"Arquivos enviados para undefined, dia 14/2/2023 às 20:23"}
{"level":"info","message":"Arquivos enviados para undefined, dia 14/2/2023 às 20:23"}
{"level":"info","message":"Arquivos enviados para undefined, dia 14/2/2023 às 20:23"}
{"level":"info","message":"Arquivos enviados para undefined, dia 14/2/2023 às 20:23"}
{"level":"info","message":"Arquivos enviados para undefined, dia 14/2/2023 às 20:23"}
{"level":"info","message":"Arquivos enviados para undefined, dia 14/2/2023 às 20:23"}
{"level":"info","message":"Arquivos enviados para undefined, dia 14/2/2023 às 20:23"}
{"level":"info","message":"Arquivos enviados para undefined, dia 14/2/2023 às 20:23"}
{"level":"info","message":"Arquivos enviados para undefined, dia 14/2/2023 às 20:23"}
{"level":"info","message":"Arquivos enviados para undefined, dia 14/2/2023 às 20:23"}
{"level":"info","message":"Arquivos enviados para undefined, dia 14/2/2023 às 20:23"}
{"level":"info","message":"Arquivos enviados para undefined, dia 14/2/2023 às 20:23"}
{"level":"info","message":"Arquivos enviados para undefined, dia 14/2/2023 às 20:23"}
{"level":"info","message":"Arquivos enviados para undefined, dia 14/2/2023 às 20:23"}
{"level":"info","message":"Arquivos enviados para undefined, dia 14/2/2023 às 20:23"}
{"level":"info","message":"Arquivos enviados para undefined, dia 14/2/2023 às 20:23"}
{"level":"info","message":"Arquivos enviados para undefined, dia 14/2/2023 às 20:23"}
{"level":"info","message":"Arquivos enviados para undefined, dia 14/2/2023 às 20:23"}
{"level":"info","message":"Arquivos enviados para undefined, dia 14/2/2023 às 20:23"}
{"level":"info","message":"Arquivos enviados para undefined, dia 14/2/2023 às 20:23"}
{"level":"info","message":"Arquivos enviados para undefined, dia 14/2/2023 às 20:23"}
{"level":"info","message":"Arquivos enviados para undefined, dia 14/2/2023 às 20:23"}
{"level":"info","message":"Arquivos enviados para undefined, dia 14/2/2023 às 20:23"}
{"level":"info","message":"Arquivos enviados para undefined, dia 14/2/2023 às 20:23"}
{"level":"info","message":"Arquivos enviados para undefined, dia 14/2/2023 às 20:23"}
{"level":"info","message":"Arquivos enviados para undefined, dia 14/2/2023 às 20:23"}
{"level":"info","message":"Arquivos enviados para undefined, dia 14/2/2023 às 20:23"}
{"level":"info","message":"Arquivos enviados para undefined, dia 14/2/2023 às 20:23"}
{"level":"info","message":"Arquivos enviados para undefined, dia 14/2/2023 às 20:23"}
{"level":"info","message":"Arquivos enviados para undefined, dia 14/2/2023 às 20:23"}
{"level":"info","message":"Arquivos enviados para undefined, dia 14/2/2023 às 20:23"}
{"level":"info","message":"Arquivos enviados para undefined, dia 14/2/2023 às 20:23"}
{"level":"info","message":"Arquivos enviados para undefined, dia 14/2/2023 às 20:23"}
{"level":"info","message":"Arquivos enviados para undefined, dia 14/2/2023 às 20:23"}
{"level":"info","message":"Arquivos enviados para undefined, dia 14/2/2023 às 20:23"}
{"level":"info","message":"Arquivos enviados para undefined, dia 14/2/2023 às 20:23"}
{"level":"info","message":"Arquivos enviados para undefined, dia 14/2/2023 às 20:23"}
{"level":"info","message":"Arquivos enviados para undefined, dia 14/2/2023 às 20:23"}
{"level":"info","message":"Arquivos enviados para undefined, dia 14/2/2023 às 20:23"}
{"level":"info","message":"Arquivos enviados para undefined, dia 14/2/2023 às 20:23"}
{"level":"info","message":"Arquivos enviados para undefined, dia 14/2/2023 às 20:23"}
{"level":"info","message":"Arquivos enviados para undefined, dia 14/2/2023 às 20:23"}
{"level":"info","message":"Arquivos enviados para undefined, dia 14/2/2023 às 20:23"}
{"level":"info","message":"Arquivos enviados para undefined, dia 14/2/2023 às 20:23"}
{"level":"info","message":"Arquivos enviados para undefined, dia 14/2/2023 às 20:23"}
{"level":"info","message":"Arquivos enviados para undefined, dia 14/2/2023 às 20:23"}
{"level":"info","message":"Arquivos enviados para undefined, dia 14/2/2023 às 20:23"}
{"level":"info","message":"Arquivos enviados para undefined, dia 14/2/2023 às 20:23"}
{"level":"info","message":"Arquivos enviados para undefined, dia 14/2/2023 às 20:23"}
{"level":"info","message":"Arquivos enviados para undefined, dia 14/2/2023 às 20:23"}
{"level":"info","message":"Arquivos enviados para undefined, dia 14/2/2023 às 20:23"}
{"level":"info","message":"Arquivos enviados para undefined, dia 14/2/2023 às 20:23"}
{"level":"info","message":"Arquivos enviados para undefined, dia 14/2/2023 às 20:23"}
{"level":"info","message":"Arquivos enviados para undefined, dia 14/2/2023 às 20:23"}
{"level":"info","message":"Arquivos enviados para undefined, dia 14/2/2023 às 20:23"}
{"level":"info","message":"Arquivos enviados para undefined, dia 14/2/2023 às 20:23"}
{"level":"info","message":"Arquivos enviados para undefined, dia 14/2/2023 às 20:23"}
{"level":"info","message":"Arquivos enviados para undefined, dia 14/2/2023 às 20:23"}
{"level":"info","message":"Arquivos enviados para undefined, dia 14/2/2023 às 20:23"}
{"level":"info","message":"Arquivos enviados para undefined, dia 14/2/2023 às 20:23"}
{"level":"info","message":"Arquivos enviados para undefined, dia 14/2/2023 às 20:23"}
{"level":"info","message":"Arquivos enviados para undefined, dia 14/2/2023 às 20:23"}
{"level":"info","message":"Arquivos enviados para undefined, dia 14/2/2023 às 20:23"}
{"level":"info","message":"Arquivos enviados para undefined, dia 14/2/2023 às 20:23"}
{"level":"info","message":"Arquivos enviados para undefined, dia 14/2/2023 às 20:23"}
{"level":"info","message":"Arquivos enviados para undefined, dia 14/2/2023 às 20:23"}
{"level":"info","message":"Arquivos enviados para undefined, dia 14/2/2023 às 20:23"}
{"level":"info","message":"Arquivos enviados para undefined, dia 14/2/2023 às 20:23"}
{"level":"info","message":"Arquivos enviados para undefined, dia 14/2/2023 às 20:23"}
{"level":"info","message":"Arquivos enviados para undefined, dia 14/2/2023 às 20:23"}
{"level":"info","message":"Arquivos enviados para undefined, dia 14/2/2023 às 20:23"}
{"level":"info","message":"Arquivos enviados para undefined, dia 14/2/2023 às 20:23"}
{"level":"info","message":"Arquivos enviados para undefined, dia 14/2/2023 às 20:23"}
{"level":"info","message":"Arquivos enviados para undefined, dia 14/2/2023 às 20:23"}
{"level":"info","message":"Arquivos enviados para undefined, dia 14/2/2023 às 20:23"}
{"level":"info","message":"Arquivos enviados para undefined, dia 14/2/2023 às 20:23"}
{"level":"info","message":"Arquivos enviados para undefined, dia 14/2/2023 às 20:23"}
{"level":"info","message":"Arquivos enviados para undefined, dia 14/2/2023 às 20:23"}
{"level":"info","message":"Arquivos enviados para undefined, dia 14/2/2023 às 20:23"}
{"level":"info","message":"Arquivos enviados para undefined, dia 14/2/2023 às 20:23"}
{"level":"error","message":"fs is not defined","stack":"ReferenceError: fs is not defined\n    at getFiles (C:\\Users\\murilo\\Documents\\dev\\tv_corporativa\\controller\\files.js:8:9)\n    at C:\\Users\\murilo\\Documents\\dev\\tv_corporativa\\index.js:59:23\n    at Layer.handle [as handle_request] (C:\\Users\\murilo\\Documents\\dev\\tv_corporativa\\node_modules\\express\\lib\\router\\layer.js:95:5)\n    at next (C:\\Users\\murilo\\Documents\\dev\\tv_corporativa\\node_modules\\express\\lib\\router\\route.js:144:13)\n    at Route.dispatch (C:\\Users\\murilo\\Documents\\dev\\tv_corporativa\\node_modules\\express\\lib\\router\\route.js:114:3)\n    at Layer.handle [as handle_request] (C:\\Users\\murilo\\Documents\\dev\\tv_corporativa\\node_modules\\express\\lib\\router\\layer.js:95:5)\n    at C:\\Users\\murilo\\Documents\\dev\\tv_corporativa\\node_modules\\express\\lib\\router\\index.js:284:15\n    at Function.process_params (C:\\Users\\murilo\\Documents\\dev\\tv_corporativa\\node_modules\\express\\lib\\router\\index.js:346:12)\n    at next (C:\\Users\\murilo\\Documents\\dev\\tv_corporativa\\node_modules\\express\\lib\\router\\index.js:280:10)\n    at urlencodedParser (C:\\Users\\murilo\\Documents\\dev\\tv_corporativa\\node_modules\\body-parser\\lib\\types\\urlencoded.js:91:7)"}
{"level":"error","message":"fs is not defined","stack":"ReferenceError: fs is not defined\n    at getFiles (C:\\Users\\murilo\\Documents\\dev\\tv_corporativa\\controller\\files.js:8:9)\n    at C:\\Users\\murilo\\Documents\\dev\\tv_corporativa\\index.js:59:23\n    at Layer.handle [as handle_request] (C:\\Users\\murilo\\Documents\\dev\\tv_corporativa\\node_modules\\express\\lib\\router\\layer.js:95:5)\n    at next (C:\\Users\\murilo\\Documents\\dev\\tv_corporativa\\node_modules\\express\\lib\\router\\route.js:144:13)\n    at Route.dispatch (C:\\Users\\murilo\\Documents\\dev\\tv_corporativa\\node_modules\\express\\lib\\router\\route.js:114:3)\n    at Layer.handle [as handle_request] (C:\\Users\\murilo\\Documents\\dev\\tv_corporativa\\node_modules\\express\\lib\\router\\layer.js:95:5)\n    at C:\\Users\\murilo\\Documents\\dev\\tv_corporativa\\node_modules\\express\\lib\\router\\index.js:284:15\n    at Function.process_params (C:\\Users\\murilo\\Documents\\dev\\tv_corporativa\\node_modules\\express\\lib\\router\\index.js:346:12)\n    at next (C:\\Users\\murilo\\Documents\\dev\\tv_corporativa\\node_modules\\express\\lib\\router\\index.js:280:10)\n    at urlencodedParser (C:\\Users\\murilo\\Documents\\dev\\tv_corporativa\\node_modules\\body-parser\\lib\\types\\urlencoded.js:91:7)"}
{"level":"info","message":"Arquivos enviados para undefined, dia 14/2/2023 às 20:23"}
{"level":"info","message":"Arquivos enviados para matriz, dia 14/2/2023 às 20:23"}
{"level":"info","message":"Arquivos enviados para matriz, dia 14/2/2023 às 20:23"}
{"level":"info","message":"Arquivos enviados para matriz, dia 14/2/2023 às 20:24"}
{"level":"info","message":"Arquivos enviados para undefined, dia 14/2/2023 às 20:24"}
{"level":"info","message":"Arquivos enviados para matriz, dia 14/2/2023 às 20:24"}
{"level":"info","message":"Arquivos enviados para matriz, dia 14/2/2023 às 20:24"}
{"level":"info","message":"Arquivos enviados para matriz, dia 14/2/2023 às 20:25"}
{"level":"info","message":"Arquivos enviados para undefined, dia 14/2/2023 às 20:25"}
{"level":"info","message":"Arquivos enviados para matriz, dia 14/2/2023 às 20:25"}
{"level":"info","message":"Arquivos enviados para matriz, dia 14/2/2023 às 20:25"}
{"level":"info","message":"Arquivos enviados para matriz, dia 14/2/2023 às 20:26"}
{"level":"info","message":"Arquivos enviados para matriz, dia 14/2/2023 às 20:27"}
{"level":"info","message":"Arquivos enviados para matriz, dia 14/2/2023 às 20:48"}
{"level":"info","message":"Arquivos enviados para matriz, dia 14/2/2023 às 21:1"}
{"level":"info","message":"Arquivos enviados para matriz, dia 14/2/2023 às 21:2"}
